Flow report for risac_soc
Sat Nov 16 00:16:54 2019
Quartus II 64-Bit Version 13.0.0 Build 156 04/24/2013 SJ Full Version


---------------------
; Table of Contents ;
---------------------
  1. Legal Notice
  2. Flow Summary
  3. Flow Settings
  4. Flow Non-Default Global Settings
  5. Flow Elapsed Time
  6. Flow OS Summary
  7. Flow Log
  8. Flow Messages
  9. Flow Suppressed Messages



----------------
; Legal Notice ;
----------------
Copyright (C) 1991-2013 Altera Corporation
Your use of Altera Corporation's design tools, logic functions 
and other software and tools, and its AMPP partner logic 
functions, and any output files from any of the foregoing 
(including device programming or simulation files), and any 
associated documentation or information are expressly subject 
to the terms and conditions of the Altera Program License 
Subscription Agreement, Altera MegaCore Function License 
Agreement, or other applicable license agreement, including, 
without limitation, that your use is for the sole purpose of 
programming logic devices manufactured by Altera and sold by 
Altera or its authorized distributors.  Please refer to the 
applicable agreement for further details.



+----------------------------------------------------------------------------------+
; Flow Summary                                                                     ;
+------------------------------------+---------------------------------------------+
; Flow Status                        ; Successful - Sat Nov 16 00:16:52 2019       ;
; Quartus II 64-Bit Version          ; 13.0.0 Build 156 04/24/2013 SJ Full Version ;
; Revision Name                      ; risac_soc                                   ;
; Top-level Entity Name              ; risac_soc                                   ;
; Family                             ; Cyclone II                                  ;
; Device                             ; EP2C35F672C7                                ;
; Timing Models                      ; Final                                       ;
; Total logic elements               ; 1,929 / 33,216 ( 6 % )                      ;
;     Total combinational functions  ; 1,889 / 33,216 ( 6 % )                      ;
;     Dedicated logic registers      ; 867 / 33,216 ( 3 % )                        ;
; Total registers                    ; 867                                         ;
; Total pins                         ; 12 / 475 ( 3 % )                            ;
; Total virtual pins                 ; 0                                           ;
; Total memory bits                  ; 34,816 / 483,840 ( 7 % )                    ;
; Embedded Multiplier 9-bit elements ; 0 / 70 ( 0 % )                              ;
; Total PLLs                         ; 0 / 4 ( 0 % )                               ;
+------------------------------------+---------------------------------------------+


+-----------------------------------------+
; Flow Settings                           ;
+-------------------+---------------------+
; Option            ; Setting             ;
+-------------------+---------------------+
; Start date & time ; 11/16/2019 00:16:20 ;
; Main task         ; Compilation         ;
; Revision Name     ; risac_soc           ;
+-------------------+---------------------+


+---------------------------------------------------------------------------------------------------------------------------------------------------------------------------------------------------+
; Flow Non-Default Global Settings                                                                                                                                                                  ;
+-----------------------------------------+----------------------------------------------------------------------------------+---------------+-------------------------------------+----------------+
; Assignment Name                         ; Value                                                                            ; Default Value ; Entity Name                         ; Section Id     ;
+-----------------------------------------+----------------------------------------------------------------------------------+---------------+-------------------------------------+----------------+
; AUTO_PACKED_REGISTERS_STRATIXII         ; Normal                                                                           ; Auto          ; --                                  ; --             ;
; COMPILER_SIGNATURE_ID                   ; 0.157384538010921                                                                ; --            ; --                                  ; --             ;
; CYCLONEII_OPTIMIZATION_TECHNIQUE        ; Speed                                                                            ; Balanced      ; --                                  ; --             ;
; EDA_DESIGN_INSTANCE_NAME                ; NA                                                                               ; --            ; --                                  ; --             ;
; EDA_NATIVELINK_SIMULATION_TEST_BENCH    ; risac_soc                                                                        ; --            ; --                                  ; eda_simulation ;
; EDA_OUTPUT_DATA_FORMAT                  ; Verilog Hdl                                                                      ; --            ; --                                  ; eda_simulation ;
; EDA_SIMULATION_TOOL                     ; ModelSim-Altera (Verilog)                                                        ; <None>        ; --                                  ; --             ;
; EDA_TEST_BENCH_ENABLE_STATUS            ; TEST_BENCH_MODE                                                                  ; --            ; --                                  ; eda_simulation ;
; EDA_TEST_BENCH_FILE                     ; risac_soc_system/synthesis/risac_soc_system.v                                    ; --            ; --                                  ; --             ;
; EDA_TEST_BENCH_FILE                     ; risac_soc_system/synthesis/submodules/altera_avalon_sc_fifo.v                    ; --            ; --                                  ; --             ;
; EDA_TEST_BENCH_FILE                     ; risac_soc_system/synthesis/submodules/altera_avalon_st_clock_crosser.v           ; --            ; --                                  ; --             ;
; EDA_TEST_BENCH_FILE                     ; risac_soc_system/synthesis/submodules/altera_avalon_st_handshake_clock_crosser.v ; --            ; --                                  ; --             ;
; EDA_TEST_BENCH_FILE                     ; risac_soc_system/synthesis/submodules/altera_avalon_st_pipeline_base.v           ; --            ; --                                  ; --             ;
; EDA_TEST_BENCH_FILE                     ; risac_soc_system/synthesis/submodules/altera_merlin_arbitrator.sv                ; --            ; --                                  ; --             ;
; EDA_TEST_BENCH_FILE                     ; risac_soc_system/synthesis/submodules/altera_merlin_burst_uncompressor.sv        ; --            ; --                                  ; --             ;
; EDA_TEST_BENCH_FILE                     ; risac_soc_system/synthesis/submodules/altera_merlin_master_agent.sv              ; --            ; --                                  ; --             ;
; EDA_TEST_BENCH_FILE                     ; risac_soc_system/synthesis/submodules/altera_merlin_master_translator.sv         ; --            ; --                                  ; --             ;
; EDA_TEST_BENCH_FILE                     ; risac_soc_system/synthesis/submodules/altera_merlin_slave_agent.sv               ; --            ; --                                  ; --             ;
; EDA_TEST_BENCH_FILE                     ; risac_soc_system/synthesis/submodules/altera_merlin_slave_translator.sv          ; --            ; --                                  ; --             ;
; EDA_TEST_BENCH_FILE                     ; risac_soc_system/synthesis/submodules/altera_reset_controller.sdc                ; --            ; --                                  ; --             ;
; EDA_TEST_BENCH_FILE                     ; risac_soc_system/synthesis/submodules/altera_reset_controller.v                  ; --            ; --                                  ; --             ;
; EDA_TEST_BENCH_FILE                     ; risac_soc_system/synthesis/submodules/altera_reset_synchronizer.v                ; --            ; --                                  ; --             ;
; EDA_TEST_BENCH_FILE                     ; risac_soc_system/synthesis/submodules/risac.v                                    ; --            ; --                                  ; --             ;
; EDA_TEST_BENCH_FILE                     ; risac_soc_system/synthesis/submodules/risac_avalon.v                             ; --            ; --                                  ; --             ;
; EDA_TEST_BENCH_FILE                     ; risac_soc_system/synthesis/submodules/risac_soc_system_addr_router.sv            ; --            ; --                                  ; --             ;
; EDA_TEST_BENCH_FILE                     ; risac_soc_system/synthesis/submodules/risac_soc_system_addr_router_001.sv        ; --            ; --                                  ; --             ;
; EDA_TEST_BENCH_FILE                     ; risac_soc_system/synthesis/submodules/risac_soc_system_cmd_xbar_demux.sv         ; --            ; --                                  ; --             ;
; EDA_TEST_BENCH_FILE                     ; risac_soc_system/synthesis/submodules/risac_soc_system_cmd_xbar_demux_001.sv     ; --            ; --                                  ; --             ;
; EDA_TEST_BENCH_FILE                     ; risac_soc_system/synthesis/submodules/risac_soc_system_cmd_xbar_mux.sv           ; --            ; --                                  ; --             ;
; EDA_TEST_BENCH_FILE                     ; risac_soc_system/synthesis/submodules/risac_soc_system_id_router.sv              ; --            ; --                                  ; --             ;
; EDA_TEST_BENCH_FILE                     ; risac_soc_system/synthesis/submodules/risac_soc_system_id_router_001.sv          ; --            ; --                                  ; --             ;
; EDA_TEST_BENCH_FILE                     ; risac_soc_system/synthesis/submodules/risac_soc_system_LEDR.v                    ; --            ; --                                  ; --             ;
; EDA_TEST_BENCH_FILE                     ; risac_soc_system/synthesis/submodules/risac_soc_system_Memory.hex                ; --            ; --                                  ; --             ;
; EDA_TEST_BENCH_FILE                     ; risac_soc_system/synthesis/submodules/risac_soc_system_Memory.v                  ; --            ; --                                  ; --             ;
; EDA_TEST_BENCH_FILE                     ; risac_soc_system/synthesis/submodules/risac_soc_system_PLL.v                     ; --            ; --                                  ; --             ;
; EDA_TEST_BENCH_FILE                     ; risac_soc_system/synthesis/submodules/risac_soc_system_rsp_xbar_demux.sv         ; --            ; --                                  ; --             ;
; EDA_TEST_BENCH_FILE                     ; risac_soc_system/synthesis/submodules/risac_soc_system_rsp_xbar_mux_001.sv       ; --            ; --                                  ; --             ;
; EDA_TEST_BENCH_FILE                     ; risac_soc_system/synthesis/submodules/risac_soc_system_uart_0.v                  ; --            ; --                                  ; --             ;
; EDA_TEST_BENCH_FILE                     ; sources/risac_soc.v                                                              ; --            ; --                                  ; --             ;
; EDA_TEST_BENCH_MODULE_NAME              ; risac_soc_tb                                                                     ; --            ; --                                  ; --             ;
; EDA_TEST_BENCH_NAME                     ; risac_soc                                                                        ; --            ; --                                  ; eda_simulation ;
; EDA_TIME_SCALE                          ; 1 ps                                                                             ; --            ; --                                  ; eda_simulation ;
; IP_TOOL_ENV                             ; Qsys                                                                             ; --            ; altera_avalon_sc_fifo               ; --             ;
; IP_TOOL_ENV                             ; Qsys                                                                             ; --            ; altera_merlin_master_agent          ; --             ;
; IP_TOOL_ENV                             ; Qsys                                                                             ; --            ; altera_merlin_master_translator     ; --             ;
; IP_TOOL_ENV                             ; Qsys                                                                             ; --            ; altera_merlin_slave_agent           ; --             ;
; IP_TOOL_ENV                             ; Qsys                                                                             ; --            ; altera_merlin_slave_translator      ; --             ;
; IP_TOOL_ENV                             ; Qsys                                                                             ; --            ; altera_reset_controller             ; --             ;
; IP_TOOL_ENV                             ; Qsys                                                                             ; --            ; risac_soc_system                    ; --             ;
; IP_TOOL_ENV                             ; Qsys                                                                             ; --            ; risac_soc_system_LEDR               ; --             ;
; IP_TOOL_ENV                             ; Qsys                                                                             ; --            ; risac_soc_system_Memory             ; --             ;
; IP_TOOL_ENV                             ; Qsys                                                                             ; --            ; risac_soc_system_addr_router        ; --             ;
; IP_TOOL_ENV                             ; Qsys                                                                             ; --            ; risac_soc_system_addr_router_001    ; --             ;
; IP_TOOL_ENV                             ; Qsys                                                                             ; --            ; risac_soc_system_cmd_xbar_demux     ; --             ;
; IP_TOOL_ENV                             ; Qsys                                                                             ; --            ; risac_soc_system_cmd_xbar_demux_001 ; --             ;
; IP_TOOL_ENV                             ; Qsys                                                                             ; --            ; risac_soc_system_cmd_xbar_mux       ; --             ;
; IP_TOOL_ENV                             ; Qsys                                                                             ; --            ; risac_soc_system_id_router          ; --             ;
; IP_TOOL_ENV                             ; Qsys                                                                             ; --            ; risac_soc_system_id_router_001      ; --             ;
; IP_TOOL_ENV                             ; Qsys                                                                             ; --            ; risac_soc_system_rsp_xbar_demux     ; --             ;
; IP_TOOL_ENV                             ; Qsys                                                                             ; --            ; risac_soc_system_rsp_xbar_mux_001   ; --             ;
; IP_TOOL_ENV                             ; Qsys                                                                             ; --            ; risac_soc_system_uart_0             ; --             ;
; IP_TOOL_NAME                            ; altera_avalon_sc_fifo                                                            ; --            ; altera_avalon_sc_fifo               ; --             ;
; IP_TOOL_NAME                            ; altera_merlin_master_agent                                                       ; --            ; altera_merlin_master_agent          ; --             ;
; IP_TOOL_NAME                            ; altera_merlin_master_translator                                                  ; --            ; altera_merlin_master_translator     ; --             ;
; IP_TOOL_NAME                            ; altera_merlin_slave_agent                                                        ; --            ; altera_merlin_slave_agent           ; --             ;
; IP_TOOL_NAME                            ; altera_merlin_slave_translator                                                   ; --            ; altera_merlin_slave_translator      ; --             ;
; IP_TOOL_NAME                            ; altera_reset_controller                                                          ; --            ; altera_reset_controller             ; --             ;
; IP_TOOL_NAME                            ; Qsys                                                                             ; --            ; risac_soc_system                    ; --             ;
; IP_TOOL_NAME                            ; altera_avalon_pio                                                                ; --            ; risac_soc_system_LEDR               ; --             ;
; IP_TOOL_NAME                            ; altera_avalon_onchip_memory2                                                     ; --            ; risac_soc_system_Memory             ; --             ;
; IP_TOOL_NAME                            ; altera_merlin_router                                                             ; --            ; risac_soc_system_addr_router        ; --             ;
; IP_TOOL_NAME                            ; altera_merlin_router                                                             ; --            ; risac_soc_system_addr_router_001    ; --             ;
; IP_TOOL_NAME                            ; altera_merlin_demultiplexer                                                      ; --            ; risac_soc_system_cmd_xbar_demux     ; --             ;
; IP_TOOL_NAME                            ; altera_merlin_demultiplexer                                                      ; --            ; risac_soc_system_cmd_xbar_demux_001 ; --             ;
; IP_TOOL_NAME                            ; altera_merlin_multiplexer                                                        ; --            ; risac_soc_system_cmd_xbar_mux       ; --             ;
; IP_TOOL_NAME                            ; altera_merlin_router                                                             ; --            ; risac_soc_system_id_router          ; --             ;
; IP_TOOL_NAME                            ; altera_merlin_router                                                             ; --            ; risac_soc_system_id_router_001      ; --             ;
; IP_TOOL_NAME                            ; altera_merlin_demultiplexer                                                      ; --            ; risac_soc_system_rsp_xbar_demux     ; --             ;
; IP_TOOL_NAME                            ; altera_merlin_multiplexer                                                        ; --            ; risac_soc_system_rsp_xbar_mux_001   ; --             ;
; IP_TOOL_NAME                            ; altera_avalon_uart                                                               ; --            ; risac_soc_system_uart_0             ; --             ;
; IP_TOOL_VERSION                         ; 13.0                                                                             ; --            ; altera_avalon_sc_fifo               ; --             ;
; IP_TOOL_VERSION                         ; 13.0                                                                             ; --            ; altera_merlin_master_agent          ; --             ;
; IP_TOOL_VERSION                         ; 13.0                                                                             ; --            ; altera_merlin_master_translator     ; --             ;
; IP_TOOL_VERSION                         ; 13.0                                                                             ; --            ; altera_merlin_slave_agent           ; --             ;
; IP_TOOL_VERSION                         ; 13.0                                                                             ; --            ; altera_merlin_slave_translator      ; --             ;
; IP_TOOL_VERSION                         ; 13.0                                                                             ; --            ; altera_reset_controller             ; --             ;
; IP_TOOL_VERSION                         ; 13.0                                                                             ; --            ; risac_soc_system                    ; --             ;
; IP_TOOL_VERSION                         ; 13.0.1                                                                           ; --            ; risac_soc_system_LEDR               ; --             ;
; IP_TOOL_VERSION                         ; 13.0.1                                                                           ; --            ; risac_soc_system_Memory             ; --             ;
; IP_TOOL_VERSION                         ; 13.0                                                                             ; --            ; risac_soc_system_addr_router        ; --             ;
; IP_TOOL_VERSION                         ; 13.0                                                                             ; --            ; risac_soc_system_addr_router_001    ; --             ;
; IP_TOOL_VERSION                         ; 13.0                                                                             ; --            ; risac_soc_system_cmd_xbar_demux     ; --             ;
; IP_TOOL_VERSION                         ; 13.0                                                                             ; --            ; risac_soc_system_cmd_xbar_demux_001 ; --             ;
; IP_TOOL_VERSION                         ; 13.0                                                                             ; --            ; risac_soc_system_cmd_xbar_mux       ; --             ;
; IP_TOOL_VERSION                         ; 13.0                                                                             ; --            ; risac_soc_system_id_router          ; --             ;
; IP_TOOL_VERSION                         ; 13.0                                                                             ; --            ; risac_soc_system_id_router_001      ; --             ;
; IP_TOOL_VERSION                         ; 13.0                                                                             ; --            ; risac_soc_system_rsp_xbar_demux     ; --             ;
; IP_TOOL_VERSION                         ; 13.0                                                                             ; --            ; risac_soc_system_rsp_xbar_mux_001   ; --             ;
; IP_TOOL_VERSION                         ; 13.0.1                                                                           ; --            ; risac_soc_system_uart_0             ; --             ;
; MAX_CORE_JUNCTION_TEMP                  ; 85                                                                               ; --            ; --                                  ; --             ;
; MIN_CORE_JUNCTION_TEMP                  ; 0                                                                                ; --            ; --                                  ; --             ;
; MISC_FILE                               ; risac_soc_system/synthesis/../../risac_soc_system.cmp                            ; --            ; --                                  ; --             ;
; MISC_FILE                               ; risac_soc_system/synthesis/../../risac_soc_system.qsys                           ; --            ; --                                  ; --             ;
; PARTITION_COLOR                         ; 16764057                                                                         ; --            ; --                                  ; Top            ;
; PARTITION_FITTER_PRESERVATION_LEVEL     ; PLACEMENT_AND_ROUTING                                                            ; --            ; --                                  ; Top            ;
; PARTITION_NETLIST_TYPE                  ; SOURCE                                                                           ; --            ; --                                  ; Top            ;
; PHYSICAL_SYNTHESIS_COMBO_LOGIC          ; On                                                                               ; Off           ; --                                  ; --             ;
; PHYSICAL_SYNTHESIS_REGISTER_DUPLICATION ; On                                                                               ; Off           ; --                                  ; --             ;
; PHYSICAL_SYNTHESIS_REGISTER_RETIMING    ; On                                                                               ; Off           ; --                                  ; --             ;
; POWER_BOARD_THERMAL_MODEL               ; None (CONSERVATIVE)                                                              ; --            ; --                                  ; --             ;
; POWER_PRESET_COOLING_SOLUTION           ; 23 MM HEAT SINK WITH 200 LFPM AIRFLOW                                            ; --            ; --                                  ; --             ;
; PROJECT_OUTPUT_DIRECTORY                ; output_files                                                                     ; --            ; --                                  ; --             ;
; ROUTER_TIMING_OPTIMIZATION_LEVEL        ; MAXIMUM                                                                          ; Normal        ; --                                  ; --             ;
; SLD_INFO                                ; QSYS_NAME risac_soc_system HAS_SOPCINFO 1 GENERATION_ID 1573845203               ; --            ; risac_soc_system                    ; --             ;
; SOPCINFO_FILE                           ; risac_soc_system/synthesis/../../risac_soc_system.sopcinfo                       ; --            ; --                                  ; --             ;
; SYNTHESIS_ONLY_QIP                      ; On                                                                               ; --            ; --                                  ; --             ;
+-----------------------------------------+----------------------------------------------------------------------------------+---------------+-------------------------------------+----------------+


+-------------------------------------------------------------------------------------------------------------------------------+
; Flow Elapsed Time                                                                                                             ;
+---------------------------+--------------+-------------------------+---------------------+------------------------------------+
; Module Name               ; Elapsed Time ; Average Processors Used ; Peak Virtual Memory ; Total CPU Time (on all processors) ;
+---------------------------+--------------+-------------------------+---------------------+------------------------------------+
; Analysis & Synthesis      ; 00:00:04     ; 1.0                     ; 608 MB              ; 00:00:05                           ;
; Fitter                    ; 00:00:22     ; 1.9                     ; 927 MB              ; 00:00:32                           ;
; TimeQuest Timing Analyzer ; 00:00:00     ; 1.0                     ; 554 MB              ; 00:00:01                           ;
; Total                     ; 00:00:26     ; --                      ; --                  ; 00:00:38                           ;
+---------------------------+--------------+-------------------------+---------------------+------------------------------------+


+-------------------------------------------------------------------------------------------+
; Flow OS Summary                                                                           ;
+---------------------------+------------------+--------------+------------+----------------+
; Module Name               ; Machine Hostname ; OS Name      ; OS Version ; Processor type ;
+---------------------------+------------------+--------------+------------+----------------+
; Analysis & Synthesis      ; saad-lab-desktop ; Ubuntu 19.10 ; 19         ; x86_64         ;
; Fitter                    ; saad-lab-desktop ; Ubuntu 19.10 ; 19         ; x86_64         ;
; TimeQuest Timing Analyzer ; saad-lab-desktop ; Ubuntu 19.10 ; 19         ; x86_64         ;
+---------------------------+------------------+--------------+------------+----------------+


------------
; Flow Log ;
------------
quartus_map --read_settings_files=on --write_settings_files=off risac_soc -c risac_soc
quartus_fit --read_settings_files=on --write_settings_files=off risac_soc -c risac_soc
quartus_sta risac_soc -c risac_soc



