Flow report for de10nanoTop
Sat Nov 16 12:15:11 2019
Quartus Prime Version 19.1.0 Build 670 09/22/2019 SJ Standard Edition


---------------------
; Table of Contents ;
---------------------
  1. Legal Notice
  2. Flow Summary
  3. Flow Settings
  4. Flow Non-Default Global Settings
  5. Flow Elapsed Time
  6. Flow OS Summary
  7. Flow Log
  8. Flow Messages
  9. Flow Suppressed Messages



----------------
; Legal Notice ;
----------------
Copyright (C) 2019  Intel Corporation. All rights reserved.
Your use of Intel Corporation's design tools, logic functions 
and other software and tools, and any partner logic 
functions, and any output files from any of the foregoing 
(including device programming or simulation files), and any 
associated documentation or information are expressly subject 
to the terms and conditions of the Intel Program License 
Subscription Agreement, the Intel Quartus Prime License Agreement,
the Intel FPGA IP License Agreement, or other applicable license
agreement, including, without limitation, that your use is for
the sole purpose of programming logic devices manufactured by
Intel and sold by Intel or its authorized distributors.  Please
refer to the applicable agreement for further details, at
https://fpgasoftware.intel.com/eula.



+-----------------------------------------------------------------------------------+
; Flow Summary                                                                      ;
+---------------------------------+-------------------------------------------------+
; Flow Status                     ; Successful - Sat Nov 16 12:15:11 2019           ;
; Quartus Prime Version           ; 19.1.0 Build 670 09/22/2019 SJ Standard Edition ;
; Revision Name                   ; de10nanoTop                                     ;
; Top-level Entity Name           ; de10nanoTop                                     ;
; Family                          ; Cyclone V                                       ;
; Device                          ; 5CSEBA6U23I7                                    ;
; Timing Models                   ; Final                                           ;
; Logic utilization (in ALMs)     ; 944 / 41,910 ( 2 % )                            ;
; Total registers                 ; 1487                                            ;
; Total pins                      ; 10 / 314 ( 3 % )                                ;
; Total virtual pins              ; 0                                               ;
; Total block memory bits         ; 35,840 / 5,662,720 ( < 1 % )                    ;
; Total DSP Blocks                ; 0 / 112 ( 0 % )                                 ;
; Total HSSI RX PCSs              ; 0                                               ;
; Total HSSI PMA RX Deserializers ; 0                                               ;
; Total HSSI TX PCSs              ; 0                                               ;
; Total HSSI PMA TX Serializers   ; 0                                               ;
; Total PLLs                      ; 1 / 6 ( 17 % )                                  ;
; Total DLLs                      ; 0 / 4 ( 0 % )                                   ;
+---------------------------------+-------------------------------------------------+


+-----------------------------------------+
; Flow Settings                           ;
+-------------------+---------------------+
; Option            ; Setting             ;
+-------------------+---------------------+
; Start date & time ; 11/16/2019 12:13:27 ;
; Main task         ; Compilation         ;
; Revision Name     ; de10nanoTop         ;
+-------------------+---------------------+


+---------------------------------------------------------------------------------------------------------------------------------------------------------------------------------+
; Flow Non-Default Global Settings                                                                                                                                                ;
+----------------------------------------------+----------------------------------------------------------------+---------------+-------------+-----------------------------------+
; Assignment Name                              ; Value                                                          ; Default Value ; Entity Name ; Section Id                        ;
+----------------------------------------------+----------------------------------------------------------------+---------------+-------------+-----------------------------------+
; COMPILER_SIGNATURE_ID                        ; 211424062570957.157388840727953                                ; --            ; --          ; --                                ;
; EDA_GENERATE_FUNCTIONAL_NETLIST              ; Off                                                            ; --            ; --          ; eda_board_design_timing           ;
; EDA_GENERATE_FUNCTIONAL_NETLIST              ; Off                                                            ; --            ; --          ; eda_board_design_boundary_scan    ;
; EDA_GENERATE_FUNCTIONAL_NETLIST              ; Off                                                            ; --            ; --          ; eda_board_design_signal_integrity ;
; EDA_GENERATE_FUNCTIONAL_NETLIST              ; Off                                                            ; --            ; --          ; eda_board_design_symbol           ;
; EDA_OUTPUT_DATA_FORMAT                       ; Verilog Hdl                                                    ; --            ; --          ; eda_simulation                    ;
; EDA_SIMULATION_TOOL                          ; ModelSim-Altera (Verilog)                                      ; <None>        ; --          ; --                                ;
; EDA_TIME_SCALE                               ; 1 ps                                                           ; --            ; --          ; eda_simulation                    ;
; MAX_CORE_JUNCTION_TEMP                       ; 100                                                            ; --            ; --          ; --                                ;
; MIN_CORE_JUNCTION_TEMP                       ; -40                                                            ; --            ; --          ; --                                ;
; MISC_FILE                                    ; ../qsys_systems/soc_simple/synthesis/../soc_simple.cmp         ; --            ; --          ; --                                ;
; MISC_FILE                                    ; ../qsys_systems/soc_simple/synthesis/../../soc_simple.qsys     ; --            ; --          ; --                                ;
; OPTIMIZATION_TECHNIQUE                       ; Speed                                                          ; Balanced      ; --          ; --                                ;
; PARTITION_COLOR                              ; -- (Not supported for targeted family)                         ; --            ; --          ; Top                               ;
; PARTITION_FITTER_PRESERVATION_LEVEL          ; -- (Not supported for targeted family)                         ; --            ; --          ; Top                               ;
; PARTITION_NETLIST_TYPE                       ; -- (Not supported for targeted family)                         ; --            ; --          ; Top                               ;
; PHYSICAL_SYNTHESIS_COMBO_LOGIC               ; On                                                             ; Off           ; --          ; --                                ;
; PHYSICAL_SYNTHESIS_REGISTER_DUPLICATION      ; On                                                             ; Off           ; --          ; --                                ;
; PHYSICAL_SYNTHESIS_REGISTER_RETIMING         ; On                                                             ; Off           ; --          ; --                                ;
; POWER_BOARD_THERMAL_MODEL                    ; None (CONSERVATIVE)                                            ; --            ; --          ; --                                ;
; POWER_PRESET_COOLING_SOLUTION                ; 23 MM HEAT SINK WITH 200 LFPM AIRFLOW                          ; --            ; --          ; --                                ;
; PROJECT_OUTPUT_DIRECTORY                     ; output_files                                                   ; --            ; --          ; --                                ;
; QII_AUTO_PACKED_REGISTERS                    ; Normal                                                         ; Auto          ; --          ; --                                ;
; ROUTER_LCELL_INSERTION_AND_LOGIC_DUPLICATION ; On                                                             ; Auto          ; --          ; --                                ;
; ROUTER_TIMING_OPTIMIZATION_LEVEL             ; MAXIMUM                                                        ; Normal        ; --          ; --                                ;
; SLD_FILE                                     ; ../qsys_systems/soc_simple/synthesis/soc_simple.regmap         ; --            ; --          ; --                                ;
; SLD_FILE                                     ; ../qsys_systems/soc_simple/synthesis/soc_simple.debuginfo      ; --            ; --          ; --                                ;
; SLD_INFO                                     ; QSYS_NAME soc_simple HAS_SOPCINFO 1 GENERATION_ID 1573887879   ; --            ; soc_simple  ; --                                ;
; SOPCINFO_FILE                                ; ../qsys_systems/soc_simple/synthesis/../../soc_simple.sopcinfo ; --            ; --          ; --                                ;
; SYNTHESIS_ONLY_QIP                           ; On                                                             ; --            ; --          ; --                                ;
+----------------------------------------------+----------------------------------------------------------------+---------------+-------------+-----------------------------------+


+--------------------------------------------------------------------------------------------------------------------------+
; Flow Elapsed Time                                                                                                        ;
+----------------------+--------------+-------------------------+---------------------+------------------------------------+
; Module Name          ; Elapsed Time ; Average Processors Used ; Peak Virtual Memory ; Total CPU Time (on all processors) ;
+----------------------+--------------+-------------------------+---------------------+------------------------------------+
; Analysis & Synthesis ; 00:00:18     ; 1.0                     ; 1131 MB             ; 00:00:31                           ;
; Fitter               ; 00:01:05     ; 1.2                     ; 2741 MB             ; 00:02:38                           ;
; Assembler            ; 00:00:06     ; 1.0                     ; 976 MB              ; 00:00:06                           ;
; Timing Analyzer      ; 00:00:08     ; 1.8                     ; 1393 MB             ; 00:00:12                           ;
; EDA Netlist Writer   ; 00:00:03     ; 1.0                     ; 1236 MB             ; 00:00:03                           ;
; Total                ; 00:01:40     ; --                      ; --                  ; 00:03:30                           ;
+----------------------+--------------+-------------------------+---------------------+------------------------------------+


+--------------------------------------------------------------------------------------+
; Flow OS Summary                                                                      ;
+----------------------+------------------+--------------+------------+----------------+
; Module Name          ; Machine Hostname ; OS Name      ; OS Version ; Processor type ;
+----------------------+------------------+--------------+------------+----------------+
; Analysis & Synthesis ; saad-lab-desktop ; Ubuntu 19.10 ; 19         ; x86_64         ;
; Fitter               ; saad-lab-desktop ; Ubuntu 19.10 ; 19         ; x86_64         ;
; Assembler            ; saad-lab-desktop ; Ubuntu 19.10 ; 19         ; x86_64         ;
; Timing Analyzer      ; saad-lab-desktop ; Ubuntu 19.10 ; 19         ; x86_64         ;
; EDA Netlist Writer   ; saad-lab-desktop ; Ubuntu 19.10 ; 19         ; x86_64         ;
+----------------------+------------------+--------------+------------+----------------+


------------
; Flow Log ;
------------
quartus_map --read_settings_files=on --write_settings_files=off de10nanoTop -c de10nanoTop
quartus_fit --read_settings_files=off --write_settings_files=off de10nanoTop -c de10nanoTop
quartus_asm --read_settings_files=off --write_settings_files=off de10nanoTop -c de10nanoTop
quartus_sta de10nanoTop -c de10nanoTop
quartus_eda --read_settings_files=off --write_settings_files=off de10nanoTop -c de10nanoTop



