MIF/HEX Update report for de10nanoTop
Tue Nov 26 12:51:50 2019
Quartus Prime Version 19.1.0 Build 670 09/22/2019 SJ Standard Edition


---------------------
; Table of Contents ;
---------------------
  1. Legal Notice
  2. MIF/HEX Update Summary
  3. MIF/HEX Update Processed Files
  4. MIF/HEX Update Messages



----------------
; Legal Notice ;
----------------
Copyright (C) 2019  Intel Corporation. All rights reserved.
Your use of Intel Corporation's design tools, logic functions 
and other software and tools, and any partner logic 
functions, and any output files from any of the foregoing 
(including device programming or simulation files), and any 
associated documentation or information are expressly subject 
to the terms and conditions of the Intel Program License 
Subscription Agreement, the Intel Quartus Prime License Agreement,
the Intel FPGA IP License Agreement, or other applicable license
agreement, including, without limitation, that your use is for
the sole purpose of programming logic devices manufactured by
Intel and sold by Intel or its authorized distributors.  Please
refer to the applicable agreement for further details, at
https://fpgasoftware.intel.com/eula.



+---------------------------------------------------------------+
; MIF/HEX Update Summary                                        ;
+-----------------------+---------------------------------------+
; MIF/HEX Update Status ; Successful - Tue Nov 26 12:51:50 2019 ;
; Revision Name         ; de10nanoTop                           ;
; Top-level Entity Name ; de10nanoTop                           ;
; Family                ; Cyclone V                             ;
; Device                ; 5CSEBA6U23I7                          ;
+-----------------------+---------------------------------------+


+----------------------------------------------------+
; MIF/HEX Update Processed Files                     ;
+----------------------------------------------------+
; File Name                                          ;
+----------------------------------------------------+
; /home/saad/trashcan/risac/de10nano/hex/program.mif ;
+----------------------------------------------------+


+-------------------------+
; MIF/HEX Update Messages ;
+-------------------------+
Info: *******************************************************************
Info: Running Quartus Prime MIF/HEX Update
    Info: Version 19.1.0 Build 670 09/22/2019 SJ Standard Edition
    Info: Processing started: Tue Nov 26 12:51:44 2019
Info: Command: quartus_cdb de10nanoTop -c de10nanoTop --update_mif
Warning (18236): Number of processors has not been specified which may cause overloading on shared machines.  Set the global assignment NUM_PARALLEL_PROCESSORS in your QSF to an appropriate value for best performance.
Info (39024): Processed the following Memory Initialization File(s)
    Info (39025): Processed Memory Initialization File /home/saad/trashcan/risac/de10nano/hex/program.mif File: /home/saad/trashcan/risac/de10nano/hex/program.mif Line: 0
Info: Quartus Prime MIF/HEX Update was successful. 0 errors, 1 warning
    Info: Peak virtual memory: 1295 megabytes
    Info: Processing ended: Tue Nov 26 12:51:50 2019
    Info: Elapsed time: 00:00:06
    Info: Total CPU time (on all processors): 00:00:06


